[2014-03-28 14:23:25] INFO  WEBrick 1.3.1
[2014-03-28 14:23:25] INFO  ruby 1.9.3 (2013-11-22) [x86_64-linux]
[2014-03-28 14:23:25] INFO  WEBrick::HTTPServer#start: pid=2854 port=3000
=> Booting WEBrick
=> Rails 4.0.2 application starting in development on http://0.0.0.0:3000
=> Run `rails server -h` for more startup options
=> Ctrl-C to shutdown server


Started GET "/" for 192.168.0.114 at 2014-03-28 14:23:26 -0400
  [1m[36mActiveRecord::SchemaMigration Load (0.1ms)[0m  [1mSELECT "schema_migrations".* FROM "schema_migrations"[0m
Processing by Rails::WelcomeController#index as HTML
  Rendered /usr/local/rvm/gems/ruby-1.9.3-p484/gems/railties-4.0.2/lib/rails/templates/rails/welcome/index.html.erb (2.3ms)
Completed 200 OK in 48ms (Views: 29.6ms | ActiveRecord: 0.0ms)


Started GET "/users" for 192.168.0.114 at 2014-03-28 14:23:30 -0400
Processing by UsersController#index as HTML
  [1m[35mUser Load (0.2ms)[0m  SELECT "users".* FROM "users"
  Rendered users/index.html.erb within layouts/application (1.3ms)
[deprecated] I18n.enforce_available_locales will default to true in the future. If you really want to skip validation of your locale you can set I18n.enforce_available_locales = false to avoid this message.
[2014-03-28 14:24:32] WARN  Could not determine content-length of response body. Set content-length of the response or set Response#chunked = true
[2014-03-28 14:24:36] WARN  Could not determine content-length of response body. Set content-length of the response or set Response#chunked = true
[2014-03-28 14:24:39] WARN  Could not determine content-length of response body. Set content-length of the response or set Response#chunked = true
[2014-03-28 16:49:57] INFO  WEBrick 1.3.1
[2014-03-28 16:49:57] INFO  ruby 1.9.3 (2013-11-22) [x86_64-linux]
[2014-03-28 16:49:57] INFO  WEBrick::HTTPServer#start: pid=3591 port=3000
[2014-03-28 16:50:03] WARN  Could not determine content-length of response body. Set content-length of the response or set Response#chunked = true
=> Booting WEBrick
=> Rails 4.0.2 application starting in development on http://0.0.0.0:3000
=> Run `rails server -h` for more startup options
=> Ctrl-C to shutdown server


Started GET "/" for 192.168.0.114 at 2014-03-28 16:50:02 -0400
  [1m[36mActiveRecord::SchemaMigration Load (0.1ms)[0m  [1mSELECT "schema_migrations".* FROM "schema_migrations"[0m
Processing by Rails::WelcomeController#index as HTML
  Rendered /usr/local/rvm/gems/ruby-1.9.3-p484/gems/railties-4.0.2/lib/rails/templates/rails/welcome/index.html.erb (2.3ms)
Completed 200 OK in 49ms (Views: 30.6ms | ActiveRecord: 0.0ms)


Started GET "/users" for 192.168.0.114 at 2014-03-28 16:50:09 -0400
Processing by UsersController#index as HTML
  [1m[35mUser Load (0.2ms)[0m  SELECT "users".* FROM "users"
  Rendered users/index.html.erb within layouts/application (1.3ms)
[2014-03-28 16:50:10] WARN  Could not determine content-length of response body. Set content-length of the response or set Response#chunked = true
[2014-03-28 16:50:10] WARN  Could not determine content-length of response body. Set content-length of the response or set Response#chunked = true
[2014-03-28 16:50:10] WARN  Could not determine content-length of response body. Set content-length of the response or set Response#chunked = true
[2014-03-28 16:50:10] WARN  Could not determine content-length of response body. Set content-length of the response or set Response#chunked = true
[2014-03-28 16:50:10] WARN  Could not determine content-length of response body. Set content-length of the response or set Response#chunked = true
[2014-03-28 16:50:10] WARN  Could not determine content-length of response body. Set content-length of the response or set Response#chunked = true
[2014-03-28 16:50:10] WARN  Could not determine content-length of response body. Set content-length of the response or set Response#chunked = true
[2014-03-28 16:50:10] WARN  Could not determine content-length of response body. Set content-length of the response or set Response#chunked = true
[2014-03-28 16:50:10] WARN  Could not determine content-length of response body. Set content-length of the response or set Response#chunked = true
[2014-03-28 16:50:10] WARN  Could not determine content-length of response body. Set content-length of the response or set Response#chunked = true
[2014-03-28 16:50:13] WARN  Could not determine content-length of response body. Set content-length of the response or set Response#chunked = true
[2014-03-28 16:50:13] WARN  Could not determine content-length of response body. Set content-length of the response or set Response#chunked = true
[2014-03-28 16:50:13] WARN  Could not determine content-length of response body. Set content-length of the response or set Response#chunked = true
[2014-03-28 16:50:13] WARN  Could not determine content-length of response body. Set content-length of the response or set Response#chunked = true
[2014-03-28 16:50:13] WARN  Could not determine content-length of response body. Set content-length of the response or set Response#chunked = true
[2014-03-28 16:50:13] WARN  Could not determine content-length of response body. Set content-length of the response or set Response#chunked = true
[2014-03-28 16:50:13] WARN  Could not determine content-length of response body. Set content-length of the response or set Response#chunked = true
[2014-03-28 16:50:13] WARN  Could not determine content-length of response body. Set content-length of the response or set Response#chunked = true
[2014-03-28 16:50:13] WARN  Could not determine content-length of response body. Set content-length of the response or set Response#chunked = true
[2014-03-28 16:50:13] WARN  Could not determine content-length of response body. Set content-length of the response or set Response#chunked = true
[2014-03-28 16:50:16] WARN  Could not determine content-length of response body. Set content-length of the response or set Response#chunked = true
[2014-03-28 16:50:16] WARN  Could not determine content-length of response body. Set content-length of the response or set Response#chunked = true
[2014-03-28 16:50:16] WARN  Could not determine content-length of response body. Set content-length of the response or set Response#chunked = true
[2014-03-28 16:50:16] WARN  Could not determine content-length of response body. Set content-length of the response or set Response#chunked = true
[2014-03-28 16:50:16] WARN  Could not determine content-length of response body. Set content-length of the response or set Response#chunked = true
[2014-03-28 16:50:16] WARN  Could not determine content-length of response body. Set content-length of the response or set Response#chunked = true
[2014-03-28 16:50:16] WARN  Could not determine content-length of response body. Set content-length of the response or set Response#chunked = true
[2014-03-28 16:50:16] WARN  Could not determine content-length of response body. Set content-length of the response or set Response#chunked = true
[2014-03-28 16:50:16] WARN  Could not determine content-length of response body. Set content-length of the response or set Response#chunked = true
[2014-03-28 16:50:16] WARN  Could not determine content-length of response body. Set content-length of the response or set Response#chunked = true
[2014-03-28 16:58:51] WARN  Could not determine content-length of response body. Set content-length of the response or set Response#chunked = true
[2014-03-28 16:58:51] WARN  Could not determine content-length of response body. Set content-length of the response or set Response#chunked = true
[2014-03-28 16:58:51] WARN  Could not determine content-length of response body. Set content-length of the response or set Response#chunked = true
[2014-03-28 16:58:51] WARN  Could not determine content-length of response body. Set content-length of the response or set Response#chunked = true
[2014-03-28 16:58:51] WARN  Could not determine content-length of response body. Set content-length of the response or set Response#chunked = true
[2014-03-28 16:58:51] WARN  Could not determine content-length of response body. Set content-length of the response or set Response#chunked = true
[2014-03-28 16:58:51] WARN  Could not determine content-length of response body. Set content-length of the response or set Response#chunked = true
[2014-03-28 16:58:51] WARN  Could not determine content-length of response body. Set content-length of the response or set Response#chunked = true
[2014-03-28 16:58:51] WARN  Could not determine content-length of response body. Set content-length of the response or set Response#chunked = true
[2014-03-28 16:58:51] WARN  Could not determine content-length of response body. Set content-length of the response or set Response#chunked = true
[2014-03-28 16:58:51] WARN  Could not determine content-length of response body. Set content-length of the response or set Response#chunked = true
[2014-03-28 16:58:51] WARN  Could not determine content-length of response body. Set content-length of the response or set Response#chunked = true
[2014-03-28 16:58:51] WARN  Could not determine content-length of response body. Set content-length of the response or set Response#chunked = true
[2014-03-28 16:58:51] WARN  Could not determine content-length of response body. Set content-length of the response or set Response#chunked = true
[2014-03-28 16:58:54] WARN  Could not determine content-length of response body. Set content-length of the response or set Response#chunked = true
[2014-03-28 16:58:54] WARN  Could not determine content-length of response body. Set content-length of the response or set Response#chunked = true
[2014-03-28 16:58:54] WARN  Could not determine content-length of response body. Set content-length of the response or set Response#chunked = true
[2014-03-28 16:58:56] WARN  Could not determine content-length of response body. Set content-length of the response or set Response#chunked = true
[2014-03-28 16:58:56] WARN  Could not determine content-length of response body. Set content-length of the response or set Response#chunked = true
[2014-03-28 16:58:56] WARN  Could not determine content-length of response body. Set content-length of the response or set Response#chunked = true
[2014-03-28 16:58:56] WARN  Could not determine content-length of response body. Set content-length of the response or set Response#chunked = true
[2014-03-28 16:58:56] WARN  Could not determine content-length of response body. Set content-length of the response or set Response#chunked = true
[2014-03-28 16:58:56] WARN  Could not determine content-length of response body. Set content-length of the response or set Response#chunked = true
[2014-03-28 16:58:56] WARN  Could not determine content-length of response body. Set content-length of the response or set Response#chunked = true
[2014-03-28 16:58:56] WARN  Could not determine content-length of response body. Set content-length of the response or set Response#chunked = true
[2014-03-28 16:58:56] WARN  Could not determine content-length of response body. Set content-length of the response or set Response#chunked = true
[2014-03-28 16:58:56] WARN  Could not determine content-length of response body. Set content-length of the response or set Response#chunked = true
[2014-03-28 16:58:56] WARN  Could not determine content-length of response body. Set content-length of the response or set Response#chunked = true
[2014-03-28 16:58:56] WARN  Could not determine content-length of response body. Set content-length of the response or set Response#chunked = true
[2014-03-28 16:58:56] WARN  Could not determine content-length of response body. Set content-length of the response or set Response#chunked = true
[2014-03-28 16:58:56] WARN  Could not determine content-length of response body. Set content-length of the response or set Response#chunked = true
[2014-03-28 16:58:56] WARN  Could not determine content-length of response body. Set content-length of the response or set Response#chunked = true
[2014-03-28 16:58:56] WARN  Could not determine content-length of response body. Set content-length of the response or set Response#chunked = true
[2014-03-28 16:58:56] WARN  Could not determine content-length of response body. Set content-length of the response or set Response#chunked = true
Completed 200 OK in 712ms (Views: 709.6ms | ActiveRecord: 0.2ms)


Started GET "/assets/application.css?body=1" for 192.168.0.114 at 2014-03-28 16:50:10 -0400


Started GET "/assets/locations.css?body=1" for 192.168.0.114 at 2014-03-28 16:50:10 -0400


Started GET "/assets/loots.css?body=1" for 192.168.0.114 at 2014-03-28 16:50:10 -0400


Started GET "/assets/offers.css?body=1" for 192.168.0.114 at 2014-03-28 16:50:10 -0400


Started GET "/assets/scaffolds.css?body=1" for 192.168.0.114 at 2014-03-28 16:50:10 -0400


Started GET "/assets/trades.css?body=1" for 192.168.0.114 at 2014-03-28 16:50:10 -0400


Started GET "/assets/users.css?body=1" for 192.168.0.114 at 2014-03-28 16:50:10 -0400


Started GET "/assets/locations.js?body=1" for 192.168.0.114 at 2014-03-28 16:50:10 -0400


Started GET "/assets/turbolinks.js?body=1" for 192.168.0.114 at 2014-03-28 16:50:10 -0400


Started GET "/assets/jquery_ujs.js?body=1" for 192.168.0.114 at 2014-03-28 16:50:10 -0400


Started GET "/assets/jquery.js?body=1" for 192.168.0.114 at 2014-03-28 16:50:10 -0400


Started GET "/assets/loots.js?body=1" for 192.168.0.114 at 2014-03-28 16:50:10 -0400


Started GET "/assets/offers.js?body=1" for 192.168.0.114 at 2014-03-28 16:50:10 -0400


Started GET "/assets/users.js?body=1" for 192.168.0.114 at 2014-03-28 16:50:10 -0400


Started GET "/assets/trades.js?body=1" for 192.168.0.114 at 2014-03-28 16:50:10 -0400


Started GET "/assets/application.js?body=1" for 192.168.0.114 at 2014-03-28 16:50:10 -0400


Started GET "/offers" for 192.168.0.114 at 2014-03-28 16:50:13 -0400
Processing by OffersController#index as HTML
  [1m[36mOffer Load (0.2ms)[0m  [1mSELECT "offers".* FROM "offers"[0m
  Rendered offers/index.html.erb within layouts/application (2.0ms)
Completed 200 OK in 38ms (Views: 35.0ms | ActiveRecord: 0.2ms)


Started GET "/assets/application.css?body=1" for 192.168.0.114 at 2014-03-28 16:50:13 -0400


Started GET "/assets/loots.css?body=1" for 192.168.0.114 at 2014-03-28 16:50:13 -0400


Started GET "/assets/scaffolds.css?body=1" for 192.168.0.114 at 2014-03-28 16:50:13 -0400


Started GET "/assets/jquery.js?body=1" for 192.168.0.114 at 2014-03-28 16:50:13 -0400


Started GET "/assets/jquery_ujs.js?body=1" for 192.168.0.114 at 2014-03-28 16:50:13 -0400


Started GET "/assets/users.css?body=1" for 192.168.0.114 at 2014-03-28 16:50:13 -0400


Started GET "/assets/turbolinks.js?body=1" for 192.168.0.114 at 2014-03-28 16:50:13 -0400


Started GET "/assets/loots.js?body=1" for 192.168.0.114 at 2014-03-28 16:50:13 -0400


Started GET "/assets/users.js?body=1" for 192.168.0.114 at 2014-03-28 16:50:13 -0400


Started GET "/assets/application.js?body=1" for 192.168.0.114 at 2014-03-28 16:50:13 -0400


Started GET "/trades" for 192.168.0.114 at 2014-03-28 16:50:16 -0400
Processing by TradesController#index as HTML
  [1m[35mTrade Load (0.2ms)[0m  SELECT "trades".* FROM "trades"
  Rendered trades/index.html.erb within layouts/application (1.5ms)
Completed 200 OK in 9ms (Views: 7.5ms | ActiveRecord: 0.2ms)


Started GET "/assets/application.css?body=1" for 192.168.0.114 at 2014-03-28 16:50:16 -0400


Started GET "/assets/loots.css?body=1" for 192.168.0.114 at 2014-03-28 16:50:16 -0400


Started GET "/assets/scaffolds.css?body=1" for 192.168.0.114 at 2014-03-28 16:50:16 -0400


Started GET "/assets/users.css?body=1" for 192.168.0.114 at 2014-03-28 16:50:16 -0400


Started GET "/assets/jquery.js?body=1" for 192.168.0.114 at 2014-03-28 16:50:16 -0400


Started GET "/assets/jquery_ujs.js?body=1" for 192.168.0.114 at 2014-03-28 16:50:16 -0400


Started GET "/assets/turbolinks.js?body=1" for 192.168.0.114 at 2014-03-28 16:50:16 -0400


Started GET "/assets/application.js?body=1" for 192.168.0.114 at 2014-03-28 16:50:16 -0400


Started GET "/assets/users.js?body=1" for 192.168.0.114 at 2014-03-28 16:50:16 -0400


Started GET "/assets/loots.js?body=1" for 192.168.0.114 at 2014-03-28 16:50:16 -0400


Started GET "/trades" for 192.168.0.114 at 2014-03-28 16:58:51 -0400
Processing by TradesController#index as HTML
  [1m[36mTrade Load (0.4ms)[0m  [1mSELECT "trades".* FROM "trades"[0m
  Rendered trades/index.html.erb within layouts/application (1.1ms)
Completed 200 OK in 9ms (Views: 6.8ms | ActiveRecord: 0.4ms)


Started GET "/assets/application.css?body=1" for 192.168.0.114 at 2014-03-28 16:58:51 -0400


Started GET "/assets/locations.css?body=1" for 192.168.0.114 at 2014-03-28 16:58:51 -0400


Started GET "/assets/loots.css?body=1" for 192.168.0.114 at 2014-03-28 16:58:51 -0400


Started GET "/assets/scaffolds.css?body=1" for 192.168.0.114 at 2014-03-28 16:58:51 -0400


Started GET "/assets/offers.css?body=1" for 192.168.0.114 at 2014-03-28 16:58:51 -0400


Started GET "/assets/trades.css?body=1" for 192.168.0.114 at 2014-03-28 16:58:51 -0400


Started GET "/assets/users.css?body=1" for 192.168.0.114 at 2014-03-28 16:58:51 -0400


Started GET "/assets/jquery_ujs.js?body=1" for 192.168.0.114 at 2014-03-28 16:58:51 -0400


Started GET "/assets/jquery.js?body=1" for 192.168.0.114 at 2014-03-28 16:58:51 -0400


Started GET "/assets/turbolinks.js?body=1" for 192.168.0.114 at 2014-03-28 16:58:51 -0400


Started GET "/assets/locations.js?body=1" for 192.168.0.114 at 2014-03-28 16:58:51 -0400


Started GET "/assets/offers.js?body=1" for 192.168.0.114 at 2014-03-28 16:58:51 -0400


Started GET "/assets/loots.js?body=1" for 192.168.0.114 at 2014-03-28 16:58:51 -0400


Started GET "/assets/trades.js?body=1" for 192.168.0.114 at 2014-03-28 16:58:54 -0400


Started GET "/assets/application.js?body=1" for 192.168.0.114 at 2014-03-28 16:58:54 -0400


Started GET "/assets/users.js?body=1" for 192.168.0.114 at 2014-03-28 16:58:54 -0400


Started GET "/users" for 192.168.0.114 at 2014-03-28 16:58:56 -0400
Processing by UsersController#index as HTML
  [1m[35mUser Load (0.2ms)[0m  SELECT "users".* FROM "users"
  Rendered users/index.html.erb within layouts/application (0.8ms)
Completed 200 OK in 74ms (Views: 6.5ms | ActiveRecord: 0.2ms)


Started GET "/assets/application.css?body=1" for 192.168.0.114 at 2014-03-28 16:58:56 -0400


Started GET "/assets/loots.css?body=1" for 192.168.0.114 at 2014-03-28 16:58:56 -0400


Started GET "/assets/scaffolds.css?body=1" for 192.168.0.114 at 2014-03-28 16:58:56 -0400


Started GET "/assets/locations.css?body=1" for 192.168.0.114 at 2014-03-28 16:58:56 -0400


Started GET "/assets/offers.css?body=1" for 192.168.0.114 at 2014-03-28 16:58:56 -0400


Started GET "/assets/trades.css?body=1" for 192.168.0.114 at 2014-03-28 16:58:56 -0400


Started GET "/assets/users.css?body=1" for 192.168.0.114 at 2014-03-28 16:58:56 -0400


Started GET "/assets/jquery.js?body=1" for 192.168.0.114 at 2014-03-28 16:58:56 -0400


Started GET "/assets/locations.js?body=1" for 192.168.0.114 at 2014-03-28 16:58:56 -0400


Started GET "/assets/turbolinks.js?body=1" for 192.168.0.114 at 2014-03-28 16:58:56 -0400


Started GET "/assets/jquery_ujs.js?body=1" for 192.168.0.114 at 2014-03-28 16:58:56 -0400


Started GET "/assets/loots.js?body=1" for 192.168.0.114 at 2014-03-28 16:58:56 -0400


Started GET "/assets/offers.js?body=1" for 192.168.0.114 at 2014-03-28 16:58:56 -0400


Started GET "/assets/trades.js?body=1" for 192.168.0.114 at 2014-03-28 16:58:56 -0400


Started GET "/assets/users.js?body=1" for 192.168.0.114 at 2014-03-28 16:58:56 -0400


Started GET "/assets/application.js?body=1" for 192.168.0.114 at 2014-03-28 16:58:56 -0400


Started GET "/users" for 192.168.0.114 at 2014-03-28 17:33:23 -0400
Processing by UsersController#index as HTML
  [1m[36mUser Load (0.6ms)[0m  [1mSELECT "users".* FROM "users"[0m
  Rendered users/index.html.erb within layouts/application (9.8ms)
Completed 200 OK in 22ms (Views: 15.7ms | ActiveRecord: 0.8ms)


Started GET "/assets/application.css?body=1" for 192.168.0.114 at 2014-03-28 17:33:23 -0400


Started GET "/assets/locations.css?body=1" for 192.168.0.114 at 2014-03-28 17:33:23 -0400


Started GET "/assets/loots.css?body=1" for 192.168.0.114 at 2014-03-28 17:33:23 -0400


Started GET "/assets/scaffolds.css?body=1" for 192.168.0.114 at 2014-03-28 17:33:23 -0400


Started GET "/assets/offers.css?body=1" for 192.168.0.114 at 2014-03-28 17:33:23 -0400
[2014-03-28 17:33:23] WARN  Could not determine content-length of response body. Set content-length of the response or set Response#chunked = true
[2014-03-28 17:33:23] WARN  Could not determine content-length of response body. Set content-length of the response or set Response#chunked = true
[2014-03-28 17:33:23] WARN  Could not determine content-length of response body. Set content-length of the response or set Response#chunked = true
[2014-03-28 17:33:23] WARN  Could not determine content-length of response body. Set content-length of the response or set Response#chunked = true
[2014-03-28 17:33:23] WARN  Could not determine content-length of response body. Set content-length of the response or set Response#chunked = true
[2014-03-28 17:33:23] WARN  Could not determine content-length of response body. Set content-length of the response or set Response#chunked = true
[2014-03-28 17:33:23] WARN  Could not determine content-length of response body. Set content-length of the response or set Response#chunked = true
[2014-03-28 17:33:23] WARN  Could not determine content-length of response body. Set content-length of the response or set Response#chunked = true
[2014-03-28 17:33:23] WARN  Could not determine content-length of response body. Set content-length of the response or set Response#chunked = true
[2014-03-28 17:33:23] WARN  Could not determine content-length of response body. Set content-length of the response or set Response#chunked = true
[2014-03-28 17:33:23] WARN  Could not determine content-length of response body. Set content-length of the response or set Response#chunked = true
[2014-03-28 17:33:23] WARN  Could not determine content-length of response body. Set content-length of the response or set Response#chunked = true
[2014-03-28 17:33:23] WARN  Could not determine content-length of response body. Set content-length of the response or set Response#chunked = true
[2014-03-28 17:33:23] WARN  Could not determine content-length of response body. Set content-length of the response or set Response#chunked = true
[2014-03-28 17:33:23] WARN  Could not determine content-length of response body. Set content-length of the response or set Response#chunked = true
[2014-03-28 17:33:23] WARN  Could not determine content-length of response body. Set content-length of the response or set Response#chunked = true
[2014-03-28 17:33:28] WARN  Could not determine content-length of response body. Set content-length of the response or set Response#chunked = true
[2014-03-28 17:33:28] WARN  Could not determine content-length of response body. Set content-length of the response or set Response#chunked = true
[2014-03-28 17:33:28] WARN  Could not determine content-length of response body. Set content-length of the response or set Response#chunked = true
[2014-03-28 17:33:28] WARN  Could not determine content-length of response body. Set content-length of the response or set Response#chunked = true
[2014-03-28 17:33:28] WARN  Could not determine content-length of response body. Set content-length of the response or set Response#chunked = true
[2014-03-28 17:33:28] WARN  Could not determine content-length of response body. Set content-length of the response or set Response#chunked = true
[2014-03-28 17:33:28] WARN  Could not determine content-length of response body. Set content-length of the response or set Response#chunked = true
[2014-03-28 17:33:28] WARN  Could not determine content-length of response body. Set content-length of the response or set Response#chunked = true
[2014-03-28 17:33:28] WARN  Could not determine content-length of response body. Set content-length of the response or set Response#chunked = true
[2014-03-28 17:33:28] WARN  Could not determine content-length of response body. Set content-length of the response or set Response#chunked = true
[2014-03-28 17:33:28] WARN  Could not determine content-length of response body. Set content-length of the response or set Response#chunked = true
[2014-03-28 17:33:28] WARN  Could not determine content-length of response body. Set content-length of the response or set Response#chunked = true
[2014-03-28 17:33:28] WARN  Could not determine content-length of response body. Set content-length of the response or set Response#chunked = true
[2014-03-28 17:33:28] WARN  Could not determine content-length of response body. Set content-length of the response or set Response#chunked = true
[2014-03-28 17:33:28] WARN  Could not determine content-length of response body. Set content-length of the response or set Response#chunked = true
[2014-03-28 17:33:28] WARN  Could not determine content-length of response body. Set content-length of the response or set Response#chunked = true
[2014-03-28 17:33:32] WARN  Could not determine content-length of response body. Set content-length of the response or set Response#chunked = true
[2014-03-28 17:33:32] WARN  Could not determine content-length of response body. Set content-length of the response or set Response#chunked = true
[2014-03-28 17:33:32] WARN  Could not determine content-length of response body. Set content-length of the response or set Response#chunked = true
[2014-03-28 17:33:32] WARN  Could not determine content-length of response body. Set content-length of the response or set Response#chunked = true
[2014-03-28 17:33:32] WARN  Could not determine content-length of response body. Set content-length of the response or set Response#chunked = true
[2014-03-28 17:33:32] WARN  Could not determine content-length of response body. Set content-length of the response or set Response#chunked = true
[2014-03-28 17:33:32] WARN  Could not determine content-length of response body. Set content-length of the response or set Response#chunked = true
[2014-03-28 17:33:32] WARN  Could not determine content-length of response body. Set content-length of the response or set Response#chunked = true
[2014-03-28 17:33:32] WARN  Could not determine content-length of response body. Set content-length of the response or set Response#chunked = true
[2014-03-28 17:33:32] WARN  Could not determine content-length of response body. Set content-length of the response or set Response#chunked = true
[2014-03-28 17:33:32] WARN  Could not determine content-length of response body. Set content-length of the response or set Response#chunked = true
[2014-03-28 17:33:32] WARN  Could not determine content-length of response body. Set content-length of the response or set Response#chunked = true
[2014-03-28 17:33:32] WARN  Could not determine content-length of response body. Set content-length of the response or set Response#chunked = true
[2014-03-28 17:33:32] WARN  Could not determine content-length of response body. Set content-length of the response or set Response#chunked = true
[2014-03-28 17:33:32] WARN  Could not determine content-length of response body. Set content-length of the response or set Response#chunked = true
[2014-03-28 17:33:32] WARN  Could not determine content-length of response body. Set content-length of the response or set Response#chunked = true
[2014-03-28 17:33:42] WARN  Could not determine content-length of response body. Set content-length of the response or set Response#chunked = true
[2014-03-28 17:33:42] WARN  Could not determine content-length of response body. Set content-length of the response or set Response#chunked = true
[2014-03-28 17:33:42] WARN  Could not determine content-length of response body. Set content-length of the response or set Response#chunked = true
[2014-03-28 17:33:42] WARN  Could not determine content-length of response body. Set content-length of the response or set Response#chunked = true
[2014-03-28 17:33:42] WARN  Could not determine content-length of response body. Set content-length of the response or set Response#chunked = true
[2014-03-28 17:33:42] WARN  Could not determine content-length of response body. Set content-length of the response or set Response#chunked = true
[2014-03-28 17:33:42] WARN  Could not determine content-length of response body. Set content-length of the response or set Response#chunked = true
[2014-03-28 17:33:42] WARN  Could not determine content-length of response body. Set content-length of the response or set Response#chunked = true
[2014-03-28 17:33:42] WARN  Could not determine content-length of response body. Set content-length of the response or set Response#chunked = true
[2014-03-28 17:33:42] WARN  Could not determine content-length of response body. Set content-length of the response or set Response#chunked = true
[2014-03-28 17:33:42] WARN  Could not determine content-length of response body. Set content-length of the response or set Response#chunked = true
[2014-03-28 17:33:42] WARN  Could not determine content-length of response body. Set content-length of the response or set Response#chunked = true
[2014-03-28 17:33:42] WARN  Could not determine content-length of response body. Set content-length of the response or set Response#chunked = true
[2014-03-28 17:33:42] WARN  Could not determine content-length of response body. Set content-length of the response or set Response#chunked = true
[2014-03-28 17:33:42] WARN  Could not determine content-length of response body. Set content-length of the response or set Response#chunked = true
[2014-03-28 17:33:42] WARN  Could not determine content-length of response body. Set content-length of the response or set Response#chunked = true
[2014-03-28 17:33:45] WARN  Could not determine content-length of response body. Set content-length of the response or set Response#chunked = true
[2014-03-28 17:33:45] WARN  Could not determine content-length of response body. Set content-length of the response or set Response#chunked = true
[2014-03-28 17:33:45] WARN  Could not determine content-length of response body. Set content-length of the response or set Response#chunked = true
[2014-03-28 17:33:45] WARN  Could not determine content-length of response body. Set content-length of the response or set Response#chunked = true
[2014-03-28 17:33:45] WARN  Could not determine content-length of response body. Set content-length of the response or set Response#chunked = true
[2014-03-28 17:33:45] WARN  Could not determine content-length of response body. Set content-length of the response or set Response#chunked = true
[2014-03-28 17:33:45] WARN  Could not determine content-length of response body. Set content-length of the response or set Response#chunked = true
[2014-03-28 17:33:45] WARN  Could not determine content-length of response body. Set content-length of the response or set Response#chunked = true
[2014-03-28 17:33:45] WARN  Could not determine content-length of response body. Set content-length of the response or set Response#chunked = true
[2014-03-28 17:33:45] WARN  Could not determine content-length of response body. Set content-length of the response or set Response#chunked = true
[2014-03-28 17:33:45] WARN  Could not determine content-length of response body. Set content-length of the response or set Response#chunked = true
[2014-03-28 17:33:45] WARN  Could not determine content-length of response body. Set content-length of the response or set Response#chunked = true
[2014-03-28 17:33:45] WARN  Could not determine content-length of response body. Set content-length of the response or set Response#chunked = true
[2014-03-28 17:33:45] WARN  Could not determine content-length of response body. Set content-length of the response or set Response#chunked = true
[2014-03-28 17:33:45] WARN  Could not determine content-length of response body. Set content-length of the response or set Response#chunked = true
[2014-03-28 17:33:45] WARN  Could not determine content-length of response body. Set content-length of the response or set Response#chunked = true
[2014-03-28 17:34:19] INFO  WEBrick 1.3.1
[2014-03-28 17:34:19] INFO  ruby 1.9.3 (2013-11-22) [x86_64-linux]
[2014-03-28 17:34:19] INFO  WEBrick::HTTPServer#start: pid=4986 port=3000
[2014-03-28 17:34:20] WARN  Could not determine content-length of response body. Set content-length of the response or set Response#chunked = true
[2014-03-28 17:34:57] INFO  WEBrick 1.3.1
[2014-03-28 17:34:57] INFO  ruby 1.9.3 (2013-11-22) [x86_64-linux]
[2014-03-28 17:34:57] INFO  WEBrick::HTTPServer#start: pid=5020 port=3000
[2014-03-28 17:35:10] WARN  Could not determine content-length of response body. Set content-length of the response or set Response#chunked = true
[2014-03-28 17:36:14] INFO  WEBrick 1.3.1
[2014-03-28 17:36:14] INFO  ruby 1.9.3 (2013-11-22) [x86_64-linux]
[2014-03-28 17:36:14] INFO  WEBrick::HTTPServer#start: pid=5072 port=3000
[2014-03-28 17:36:45] INFO  WEBrick 1.3.1
[2014-03-28 17:36:45] INFO  ruby 1.9.3 (2013-11-22) [x86_64-linux]
[2014-03-28 17:36:45] INFO  WEBrick::HTTPServer#start: pid=5102 port=3000
[2014-03-28 17:37:13] INFO  WEBrick 1.3.1
[2014-03-28 17:37:13] INFO  ruby 1.9.3 (2013-11-22) [x86_64-linux]
[2014-03-28 17:37:13] INFO  WEBrick::HTTPServer#start: pid=5132 port=3000
[2014-03-28 17:37:17] WARN  Could not determine content-length of response body. Set content-length of the response or set Response#chunked = true
[2014-03-28 17:37:17] WARN  Could not determine content-length of response body. Set content-length of the response or set Response#chunked = true
[2014-03-28 17:37:17] WARN  Could not determine content-length of response body. Set content-length of the response or set Response#chunked = true
[2014-03-28 17:37:17] WARN  Could not determine content-length of response body. Set content-length of the response or set Response#chunked = true
[2014-03-28 17:37:17] WARN  Could not determine content-length of response body. Set content-length of the response or set Response#chunked = true
[2014-03-28 17:37:17] WARN  Could not determine content-length of response body. Set content-length of the response or set Response#chunked = true
[2014-03-28 17:37:17] WARN  Could not determine content-length of response body. Set content-length of the response or set Response#chunked = true
[2014-03-28 17:37:17] WARN  Could not determine content-length of response body. Set content-length of the response or set Response#chunked = true
[2014-03-28 17:37:17] WARN  Could not determine content-length of response body. Set content-length of the response or set Response#chunked = true
[2014-03-28 17:37:17] WARN  Could not determine content-length of response body. Set content-length of the response or set Response#chunked = true
[2014-03-28 17:37:17] WARN  Could not determine content-length of response body. Set content-length of the response or set Response#chunked = true
[2014-03-28 17:37:17] WARN  Could not determine content-length of response body. Set content-length of the response or set Response#chunked = true
[2014-03-28 17:37:17] WARN  Could not determine content-length of response body. Set content-length of the response or set Response#chunked = true
[2014-03-28 17:37:17] WARN  Could not determine content-length of response body. Set content-length of the response or set Response#chunked = true
[2014-03-28 17:37:17] WARN  Could not determine content-length of response body. Set content-length of the response or set Response#chunked = true
[2014-03-28 17:37:17] WARN  Could not determine content-length of response body. Set content-length of the response or set Response#chunked = true
[2014-03-28 17:39:59] WARN  Could not determine content-length of response body. Set content-length of the response or set Response#chunked = true
[2014-03-28 17:39:59] WARN  Could not determine content-length of response body. Set content-length of the response or set Response#chunked = true
[2014-03-28 17:39:59] WARN  Could not determine content-length of response body. Set content-length of the response or set Response#chunked = true
[2014-03-28 17:39:59] WARN  Could not determine content-length of response body. Set content-length of the response or set Response#chunked = true
[2014-03-28 17:39:59] WARN  Could not determine content-length of response body. Set content-length of the response or set Response#chunked = true
[2014-03-28 17:39:59] WARN  Could not determine content-length of response body. Set content-length of the response or set Response#chunked = true
[2014-03-28 17:39:59] WARN  Could not determine content-length of response body. Set content-length of the response or set Response#chunked = true
[2014-03-28 17:39:59] WARN  Could not determine content-length of response body. Set content-length of the response or set Response#chunked = true
[2014-03-28 17:39:59] WARN  Could not determine content-length of response body. Set content-length of the response or set Response#chunked = true
[2014-03-28 17:39:59] WARN  Could not determine content-length of response body. Set content-length of the response or set Response#chunked = true
[2014-03-28 17:39:59] WARN  Could not determine content-length of response body. Set content-length of the response or set Response#chunked = true
[2014-03-28 17:39:59] WARN  Could not determine content-length of response body. Set content-length of the response or set Response#chunked = true
[2014-03-28 17:39:59] WARN  Could not determine content-length of response body. Set content-length of the response or set Response#chunked = true
[2014-03-28 17:39:59] WARN  Could not determine content-length of response body. Set content-length of the response or set Response#chunked = true
[2014-03-28 17:39:59] WARN  Could not determine content-length of response body. Set content-length of the response or set Response#chunked = true
[2014-03-28 17:39:59] WARN  Could not determine content-length of response body. Set content-length of the response or set Response#chunked = true
[2014-03-28 17:39:59] WARN  Could not determine content-length of response body. Set content-length of the response or set Response#chunked = true
[2014-03-28 17:46:01] INFO  WEBrick 1.3.1
[2014-03-28 17:46:01] INFO  ruby 1.9.3 (2013-11-22) [x86_64-linux]
[2014-03-28 17:46:01] INFO  WEBrick::HTTPServer#start: pid=5335 port=3000
[2014-03-28 17:46:17] WARN  Could not determine content-length of response body. Set content-length of the response or set Response#chunked = true
[2014-03-28 17:46:17] WARN  Could not determine content-length of response body. Set content-length of the response or set Response#chunked = true
[2014-03-28 17:46:17] WARN  Could not determine content-length of response body. Set content-length of the response or set Response#chunked = true
[2014-03-28 17:46:17] WARN  Could not determine content-length of response body. Set content-length of the response or set Response#chunked = true
[2014-03-28 17:46:17] WARN  Could not determine content-length of response body. Set content-length of the response or set Response#chunked = true
[2014-03-28 17:46:17] WARN  Could not determine content-length of response body. Set content-length of the response or set Response#chunked = true
[2014-03-28 17:46:17] WARN  Could not determine content-length of response body. Set content-length of the response or set Response#chunked = true
[2014-03-28 17:46:17] WARN  Could not determine content-length of response body. Set content-length of the response or set Response#chunked = true
[2014-03-28 17:46:17] WARN  Could not determine content-length of response body. Set content-length of the response or set Response#chunked = true
[2014-03-28 17:46:17] WARN  Could not determine content-length of response body. Set content-length of the response or set Response#chunked = true
[2014-03-28 17:46:17] WARN  Could not determine content-length of response body. Set content-length of the response or set Response#chunked = true
[2014-03-28 17:46:17] WARN  Could not determine content-length of response body. Set content-length of the response or set Response#chunked = true
[2014-03-28 17:46:17] WARN  Could not determine content-length of response body. Set content-length of the response or set Response#chunked = true
[2014-03-28 17:46:17] WARN  Could not determine content-length of response body. Set content-length of the response or set Response#chunked = true
[2014-03-28 17:46:17] WARN  Could not determine content-length of response body. Set content-length of the response or set Response#chunked = true
[2014-03-28 17:46:17] WARN  Could not determine content-length of response body. Set content-length of the response or set Response#chunked = true
[2014-03-28 17:49:55] WARN  Could not determine content-length of response body. Set content-length of the response or set Response#chunked = true
[2014-03-28 17:49:55] WARN  Could not determine content-length of response body. Set content-length of the response or set Response#chunked = true
[2014-03-28 17:49:55] WARN  Could not determine content-length of response body. Set content-length of the response or set Response#chunked = true
[2014-03-28 17:49:55] WARN  Could not determine content-length of response body. Set content-length of the response or set Response#chunked = true
[2014-03-28 17:49:55] WARN  Could not determine content-length of response body. Set content-length of the response or set Response#chunked = true
[2014-03-28 17:49:55] WARN  Could not determine content-length of response body. Set content-length of the response or set Response#chunked = true
[2014-03-28 17:49:55] WARN  Could not determine content-length of response body. Set content-length of the response or set Response#chunked = true
[2014-03-28 17:49:55] WARN  Could not determine content-length of response body. Set content-length of the response or set Response#chunked = true
[2014-03-28 17:49:55] WARN  Could not determine content-length of response body. Set content-length of the response or set Response#chunked = true
[2014-03-28 17:49:55] WARN  Could not determine content-length of response body. Set content-length of the response or set Response#chunked = true
[2014-03-28 17:49:55] WARN  Could not determine content-length of response body. Set content-length of the response or set Response#chunked = true
[2014-03-28 17:49:55] WARN  Could not determine content-length of response body. Set content-length of the response or set Response#chunked = true
[2014-03-28 17:49:55] WARN  Could not determine content-length of response body. Set content-length of the response or set Response#chunked = true
[2014-03-28 17:49:55] WARN  Could not determine content-length of response body. Set content-length of the response or set Response#chunked = true
[2014-03-28 17:49:55] WARN  Could not determine content-length of response body. Set content-length of the response or set Response#chunked = true
[2014-03-28 17:49:55] WARN  Could not determine content-length of response body. Set content-length of the response or set Response#chunked = true
[2014-03-28 17:49:55] WARN  Could not determine content-length of response body. Set content-length of the response or set Response#chunked = true
[2014-03-28 17:54:40] INFO  WEBrick 1.3.1
[2014-03-28 17:54:40] INFO  ruby 1.9.3 (2013-11-22) [x86_64-linux]
[2014-03-28 17:54:40] INFO  WEBrick::HTTPServer#start: pid=5420 port=3000
[2014-03-28 17:54:41] WARN  Could not determine content-length of response body. Set content-length of the response or set Response#chunked = true
[2014-03-28 17:54:41] WARN  Could not determine content-length of response body. Set content-length of the response or set Response#chunked = true
[2014-03-28 17:54:41] WARN  Could not determine content-length of response body. Set content-length of the response or set Response#chunked = true
[2014-03-28 17:54:41] WARN  Could not determine content-length of response body. Set content-length of the response or set Response#chunked = true
[2014-03-28 17:54:41] WARN  Could not determine content-length of response body. Set content-length of the response or set Response#chunked = true
[2014-03-28 17:54:41] WARN  Could not determine content-length of response body. Set content-length of the response or set Response#chunked = true
[2014-03-28 17:54:41] WARN  Could not determine content-length of response body. Set content-length of the response or set Response#chunked = true
[2014-03-28 17:54:41] WARN  Could not determine content-length of response body. Set content-length of the response or set Response#chunked = true
[2014-03-28 17:54:41] WARN  Could not determine content-length of response body. Set content-length of the response or set Response#chunked = true
[2014-03-28 17:54:41] WARN  Could not determine content-length of response body. Set content-length of the response or set Response#chunked = true
[2014-03-28 17:54:41] WARN  Could not determine content-length of response body. Set content-length of the response or set Response#chunked = true
[2014-03-28 17:54:41] WARN  Could not determine content-length of response body. Set content-length of the response or set Response#chunked = true
[2014-03-28 17:54:41] WARN  Could not determine content-length of response body. Set content-length of the response or set Response#chunked = true
[2014-03-28 17:54:41] WARN  Could not determine content-length of response body. Set content-length of the response or set Response#chunked = true
[2014-03-28 17:54:41] WARN  Could not determine content-length of response body. Set content-length of the response or set Response#chunked = true
[2014-03-28 17:54:41] WARN  Could not determine content-length of response body. Set content-length of the response or set Response#chunked = true
